<?xml version="1.0" encoding="UTF-8"?>
<!-- Generated by org.testng.reporters.JUnitReportReporter -->
<testsuite hostname="DESKTOP-2G48EG8" failures="0" tests="1" name="TestNG.ExtendsReport" time="21.848" errors="0" timestamp="2025-02-04T23:55:46 IST" skipped="0">
  <testcase classname="TestNG.ExtendsReport" name="launchApplication" time="21.848"/>
  <system-out/>
</testsuite> <!-- TestNG.ExtendsReport -->
