<?xml version="1.0" encoding="UTF-8"?>
<!-- Generated by org.testng.reporters.JUnitReportReporter -->
<testsuite hostname="DESKTOP-2G48EG8" failures="0" tests="5" name="TestNG.Test5" time="0.031" errors="0" timestamp="2025-01-29T23:55:00 IST" skipped="0">
  <testcase classname="TestNG.Test5" name="updateSettingsTest" time="0.003"/>
  <system-out/>
  <testcase classname="TestNG.Test5" name="viewProfileTest" time="0.003"/>
  <system-out/>
  <testcase classname="TestNG.Test5" name="loginTest" time="0.018"/>
  <system-out/>
  <testcase classname="TestNG.Test5" name="changePasswordTest" time="0.004"/>
  <system-out/>
  <testcase classname="TestNG.Test5" name="logout" time="0.003"/>
  <system-out/>
</testsuite> <!-- TestNG.Test5 -->
