<?xml version="1.0" encoding="UTF-8"?>
<!-- Generated by org.testng.reporters.JUnitReportReporter -->
<testsuite hostname="DESKTOP-2G48EG8" failures="0" tests="3" name="TestNG.Test2" time="0.022" errors="0" timestamp="2025-01-29T22:14:47 IST" skipped="0">
  <testcase classname="TestNG.Test2" name="TestCase2" time="0.007"/>
  <system-out/>
  <testcase classname="TestNG.Test2" name="TestCase3" time="0.011"/>
  <system-out/>
  <testcase classname="TestNG.Test2" name="TestCase1" time="0.004"/>
  <system-out/>
</testsuite> <!-- TestNG.Test2 -->
