<?xml version="1.0" encoding="UTF-8"?>
<!-- Generated by org.testng.reporters.JUnitReportReporter -->
<testsuite hostname="DESKTOP-2G48EG8" failures="0" tests="3" name="TestNG.Test3" time="0.009" errors="0" timestamp="2025-01-29T22:14:47 IST" skipped="0">
  <testcase classname="TestNG.Test3" name="testMethod3" time="0.002"/>
  <system-out/>
  <testcase classname="TestNG.Test3" name="testMethod1" time="0.002"/>
  <system-out/>
  <testcase classname="TestNG.Test3" name="testMethod2" time="0.005"/>
  <system-out/>
</testsuite> <!-- TestNG.Test3 -->
