<?xml version="1.0" encoding="UTF-8"?>
<!-- Generated by org.testng.reporters.JUnitReportReporter -->
<testsuite hostname="DESKTOP-2G48EG8" failures="0" tests="3" name="TestNG.Test4" time="0.027" errors="0" timestamp="2025-01-29T22:47:30 IST" skipped="0">
  <testcase classname="TestNG.Test4" name="testBoth" time="0.021"/>
  <system-out/>
  <testcase classname="TestNG.Test4" name="testSmoke2" time="0.003"/>
  <system-out/>
  <testcase classname="TestNG.Test4" name="testSmoke1" time="0.003"/>
  <system-out/>
</testsuite> <!-- TestNG.Test4 -->
