<?xml version="1.0" encoding="UTF-8"?>
<!-- Generated by org.testng.reporters.JUnitReportReporter -->
<testsuite hostname="DESKTOP-2G48EG8" failures="0" tests="4" name="TestNG.Test6" time="0.040" errors="0" timestamp="2025-01-30T20:53:07 IST" skipped="0">
  <testcase classname="TestNG.Test6" name="loginTest" time="0.007"/>
  <system-out/>
  <testcase classname="TestNG.Test6" name="loginTest" time="0.004"/>
  <system-out/>
  <testcase classname="TestNG.Test6" name="eInfo" time="0.027"/>
  <system-out/>
  <testcase classname="TestNG.Test6" name="loginTest" time="0.002"/>
  <system-out/>
</testsuite> <!-- TestNG.Test6 -->
